<?xml version="1.0" encoding="UTF-8"?>
<!-- Generated by org.testng.reporters.JUnitXMLReporter -->
<testsuite ignored="0" hostname="Arun" failures="0" tests="3" name="DataTesting" time="0.026" errors="0" timestamp="2023-07-25T06:57:17 IST">
  <testcase classname="TestScript.DataTesting" name="dataIntegration" time="0.002"/>
  <testcase classname="TestScript.DataTesting" name="dataIntegration" time="0.001"/>
  <testcase classname="TestScript.DataTesting" name="parameterData" time="0.006"/>
</testsuite> <!-- DataTesting -->
