<?xml version="1.0" encoding="UTF-8"?>
<!-- Generated by org.testng.reporters.JUnitXMLReporter -->
<testsuite ignored="0" hostname="Arun" failures="0" tests="4" name="test01" time="22.035" errors="0" timestamp="2023-07-24T07:05:05 IST">
  <testcase classname="TestScript.homepage" name="test1" time="17.751"/>
  <testcase classname="TestScript.homepage" name="test2" time="2.347"/>
  <testcase classname="TestScript.homepage" name="titleCheck" time="0.052"/>
  <testcase classname="TestScript.homepage" name="excelTest" time="1.849"/>
</testsuite> <!-- test01 -->
