<?xml version="1.0" encoding="UTF-8"?>
<!-- Generated by org.testng.reporters.JUnitXMLReporter -->
<testsuite ignored="0" hostname="Arun" failures="0" tests="3" name="Test" time="1.298" errors="0" timestamp="2023-07-25T07:10:35 IST">
  <testcase classname="TestScript.DataTesting" name="dataIntegration" time="0.286"/>
  <testcase classname="TestScript.DataTesting" name="dataIntegration" time="0.016"/>
  <testcase classname="TestScript.DataTesting" name="parameterData" time="0.021"/>
</testsuite> <!-- Test -->
