<?xml version="1.0" encoding="UTF-8"?>
<testng-results ignored="0" total="3" passed="3" failed="0" skipped="0">
  <reporter-output>
  </reporter-output>
  <suite started-at="2023-07-25T07:10:34 IST" name="Suite" finished-at="2023-07-25T07:10:35 IST" duration-ms="1298">
    <groups>
    </groups>
    <test started-at="2023-07-25T07:10:34 IST" name="Test" finished-at="2023-07-25T07:10:35 IST" duration-ms="1298">
      <class name="TestScript.DataTesting">
        <test-method signature="dataIntegration(java.lang.String)[pri:0, instance:TestScript.DataTesting@7ef2d7a6]" started-at="2023-07-25T07:10:35 IST" name="dataIntegration" data-provider="Data_For_Testing" finished-at="2023-07-25T07:10:35 IST" duration-ms="286" status="PASS">
          <params>
            <param index="0">
              <value>
                <![CDATA[Arun]]>
              </value>
            </param>
          </params>
          <reporter-output>
          </reporter-output>
        </test-method> <!-- dataIntegration -->
        <test-method signature="dataIntegration(java.lang.String)[pri:0, instance:TestScript.DataTesting@7ef2d7a6]" started-at="2023-07-25T07:10:35 IST" name="dataIntegration" data-provider="Data_For_Testing" finished-at="2023-07-25T07:10:35 IST" duration-ms="16" status="PASS">
          <params>
            <param index="0">
              <value>
                <![CDATA[Venkatesh]]>
              </value>
            </param>
          </params>
          <reporter-output>
          </reporter-output>
        </test-method> <!-- dataIntegration -->
        <test-method signature="parameterData(int,int)[pri:0, instance:TestScript.DataTesting@7ef2d7a6]" started-at="2023-07-25T07:10:35 IST" name="parameterData" finished-at="2023-07-25T07:10:35 IST" duration-ms="21" status="PASS">
          <params>
            <param index="0">
              <value>
                <![CDATA[5]]>
              </value>
            </param>
            <param index="1">
              <value>
                <![CDATA[6]]>
              </value>
            </param>
          </params>
          <reporter-output>
          </reporter-output>
        </test-method> <!-- parameterData -->
      </class> <!-- TestScript.DataTesting -->
    </test> <!-- Test -->
  </suite> <!-- Suite -->
</testng-results>
